\BOOKMARK [1][-]{section.1}{Introducci\363n}{}% 1
\BOOKMARK [2][-]{subsection.1.1}{Expectantes}{section.1}% 2
\BOOKMARK [2][-]{subsection.1.2}{La m\341quina}{section.1}% 3
\BOOKMARK [2][-]{subsection.1.3}{Consecuencias}{section.1}% 4
\BOOKMARK [2][-]{subsection.1.4}{Mecanismo de tiempo}{section.1}% 5
\BOOKMARK [1][-]{section.2}{Historia}{}% 6
\BOOKMARK [2][-]{subsection.2.1}{Diagramas}{section.2}% 7
\BOOKMARK [1][-]{section.3}{Desarrollo 2D}{}% 8
\BOOKMARK [2][-]{subsection.3.1}{Dise\361o}{section.3}% 9
\BOOKMARK [3][-]{subsubsection.3.1.1}{SpriteT}{subsection.3.1}% 10
\BOOKMARK [3][-]{subsubsection.3.1.2}{Machine}{subsection.3.1}% 11
\BOOKMARK [3][-]{subsubsection.3.1.3}{Boy}{subsection.3.1}% 12
\BOOKMARK [3][-]{subsubsection.3.1.4}{Clonaciones}{subsection.3.1}% 13
\BOOKMARK [3][-]{subsubsection.3.1.5}{Eventos}{subsection.3.1}% 14
\BOOKMARK [3][-]{subsubsection.3.1.6}{ObjectManager}{subsection.3.1}% 15
\BOOKMARK [3][-]{subsubsection.3.1.7}{Camera}{subsection.3.1}% 16
\BOOKMARK [3][-]{subsubsection.3.1.8}{Grabaciones}{subsection.3.1}% 17
\BOOKMARK [3][-]{subsubsection.3.1.9}{SVT}{subsection.3.1}% 18
\BOOKMARK [3][-]{subsubsection.3.1.10}{Level}{subsection.3.1}% 19
\BOOKMARK [3][-]{subsubsection.3.1.11}{GameLogic}{subsection.3.1}% 20
\BOOKMARK [2][-]{subsection.3.2}{Limitaciones}{section.3}% 21
\BOOKMARK [1][-]{section.4}{Niveles}{}% 22
\BOOKMARK [2][-]{subsection.4.1}{Palancas}{section.4}% 23
